0 info it worked if it ends with ok
1 verbose cli [ '/usr/local/bin/node', '/usr/local/bin/npm', 'install' ]
2 info using npm@3.10.10
3 info using node@v6.11.0
4 silly loadCurrentTree Starting
5 silly install loadCurrentTree
6 silly install readLocalPackageData
7 silly install normalizeTree
8 silly loadCurrentTree Finishing
9 silly loadIdealTree Starting
10 silly install loadIdealTree
11 silly cloneCurrentTree Starting
12 silly install cloneCurrentTreeToIdealTree
13 silly cloneCurrentTree Finishing
14 silly loadShrinkwrap Starting
15 silly install loadShrinkwrap
16 silly loadShrinkwrap Finishing
17 silly loadAllDepsIntoIdealTree Starting
18 silly install loadAllDepsIntoIdealTree
19 silly fetchNamedPackageData predeploy
20 silly mapToRegistry name predeploy
21 silly mapToRegistry using default registry
22 silly mapToRegistry registry https://registry.npmjs.org/
23 silly mapToRegistry data Result {
23 silly mapToRegistry   raw: 'predeploy',
23 silly mapToRegistry   scope: null,
23 silly mapToRegistry   escapedName: 'predeploy',
23 silly mapToRegistry   name: 'predeploy',
23 silly mapToRegistry   rawSpec: '',
23 silly mapToRegistry   spec: 'latest',
23 silly mapToRegistry   type: 'tag' }
24 silly mapToRegistry uri https://registry.npmjs.org/predeploy
25 silly fetchNamedPackageData deploy
26 silly mapToRegistry name deploy
27 silly mapToRegistry using default registry
28 silly mapToRegistry registry https://registry.npmjs.org/
29 silly mapToRegistry data Result {
29 silly mapToRegistry   raw: 'deploy',
29 silly mapToRegistry   scope: null,
29 silly mapToRegistry   escapedName: 'deploy',
29 silly mapToRegistry   name: 'deploy',
29 silly mapToRegistry   rawSpec: '',
29 silly mapToRegistry   spec: 'latest',
29 silly mapToRegistry   type: 'tag' }
30 silly mapToRegistry uri https://registry.npmjs.org/deploy
31 verbose request uri https://registry.npmjs.org/predeploy
32 verbose request no auth needed
33 info attempt registry request try #1 at 8:41:29 PM
34 verbose request id a571a5dce6bef083
35 http request GET https://registry.npmjs.org/predeploy
36 verbose request uri https://registry.npmjs.org/deploy
37 verbose request no auth needed
38 info attempt registry request try #1 at 8:41:29 PM
39 http request GET https://registry.npmjs.org/deploy
40 http 200 https://registry.npmjs.org/deploy
41 verbose headers { 'content-type': 'application/json; charset=UTF-8',
41 verbose headers   server: 'UploadServer',
41 verbose headers   'cache-control': 'max-age=300',
41 verbose headers   'last-modified': 'Mon, 17 Jul 2017 18:08:22 GMT',
41 verbose headers   etag: '"596cfd16-fa8"',
41 verbose headers   'content-encoding': 'gzip',
41 verbose headers   'content-length': '1181',
41 verbose headers   'accept-ranges': 'bytes',
41 verbose headers   date: 'Sun, 28 Jan 2018 01:41:29 GMT',
41 verbose headers   via: '1.1 varnish',
41 verbose headers   age: '0',
41 verbose headers   connection: 'keep-alive',
41 verbose headers   'x-served-by': 'cache-bos8223-BOS',
41 verbose headers   'x-cache': 'MISS',
41 verbose headers   'x-cache-hits': '0',
41 verbose headers   'x-timer': 'S1517103689.354797,VS0,VE186',
41 verbose headers   vary: 'Accept-Encoding, Accept' }
42 silly get cb [ 200,
42 silly get   { 'content-type': 'application/json; charset=UTF-8',
42 silly get     server: 'UploadServer',
42 silly get     'cache-control': 'max-age=300',
42 silly get     'last-modified': 'Mon, 17 Jul 2017 18:08:22 GMT',
42 silly get     etag: '"596cfd16-fa8"',
42 silly get     'content-encoding': 'gzip',
42 silly get     'content-length': '1181',
42 silly get     'accept-ranges': 'bytes',
42 silly get     date: 'Sun, 28 Jan 2018 01:41:29 GMT',
42 silly get     via: '1.1 varnish',
42 silly get     age: '0',
42 silly get     connection: 'keep-alive',
42 silly get     'x-served-by': 'cache-bos8223-BOS',
42 silly get     'x-cache': 'MISS',
42 silly get     'x-cache-hits': '0',
42 silly get     'x-timer': 'S1517103689.354797,VS0,VE186',
42 silly get     vary: 'Accept-Encoding, Accept' } ]
43 verbose get saving deploy to /Users/daohlim/.npm/registry.npmjs.org/deploy/.cache.json
44 verbose correctMkdir /Users/daohlim/.npm correctMkdir not in flight; initializing
45 silly fetchPackageMetaData Error: No compatible version found: deploy@gh-pages -d build
45 silly fetchPackageMetaData Valid install targets:
45 silly fetchPackageMetaData 1.0.3
45 silly fetchPackageMetaData
45 silly fetchPackageMetaData     at pickVersionFromRegistryDocument (/usr/local/lib/node_modules/npm/lib/fetch-package-metadata.js:178:16)
45 silly fetchPackageMetaData     at /usr/local/lib/node_modules/npm/node_modules/iferr/index.js:13:50
45 silly fetchPackageMetaData     at /usr/local/lib/node_modules/npm/lib/utils/pulse-till-done.js:20:8
45 silly fetchPackageMetaData     at saved (/usr/local/lib/node_modules/npm/lib/cache/caching-client.js:174:7)
45 silly fetchPackageMetaData     at /usr/local/lib/node_modules/npm/node_modules/graceful-fs/polyfills.js:241:18
45 silly fetchPackageMetaData     at FSReqWrap.oncomplete (fs.js:123:15)
45 silly fetchPackageMetaData  error for deploy@gh-pages -d build { Error: No compatible version found: deploy@gh-pages -d build
45 silly fetchPackageMetaData Valid install targets:
45 silly fetchPackageMetaData 1.0.3
45 silly fetchPackageMetaData
45 silly fetchPackageMetaData     at pickVersionFromRegistryDocument (/usr/local/lib/node_modules/npm/lib/fetch-package-metadata.js:178:16)
45 silly fetchPackageMetaData     at /usr/local/lib/node_modules/npm/node_modules/iferr/index.js:13:50
45 silly fetchPackageMetaData     at /usr/local/lib/node_modules/npm/lib/utils/pulse-till-done.js:20:8
45 silly fetchPackageMetaData     at saved (/usr/local/lib/node_modules/npm/lib/cache/caching-client.js:174:7)
45 silly fetchPackageMetaData     at /usr/local/lib/node_modules/npm/node_modules/graceful-fs/polyfills.js:241:18
45 silly fetchPackageMetaData     at FSReqWrap.oncomplete (fs.js:123:15) code: 'ETARGET' }
46 http 404 https://registry.npmjs.org/predeploy
47 verbose headers { 'content-type': 'application/json',
47 verbose headers   'cache-control': 'max-age=0',
47 verbose headers   'content-length': '2',
47 verbose headers   'accept-ranges': 'bytes',
47 verbose headers   date: 'Sun, 28 Jan 2018 01:41:30 GMT',
47 verbose headers   via: '1.1 varnish',
47 verbose headers   connection: 'keep-alive',
47 verbose headers   'x-served-by': 'cache-bos8228-BOS',
47 verbose headers   'x-cache': 'MISS',
47 verbose headers   'x-cache-hits': '0',
47 verbose headers   'x-timer': 'S1517103689.355294,VS0,VE805',
47 verbose headers   vary: 'Accept-Encoding' }
48 silly get cb [ 404,
48 silly get   { 'content-type': 'application/json',
48 silly get     'cache-control': 'max-age=0',
48 silly get     'content-length': '2',
48 silly get     'accept-ranges': 'bytes',
48 silly get     date: 'Sun, 28 Jan 2018 01:41:30 GMT',
48 silly get     via: '1.1 varnish',
48 silly get     connection: 'keep-alive',
48 silly get     'x-served-by': 'cache-bos8228-BOS',
48 silly get     'x-cache': 'MISS',
48 silly get     'x-cache-hits': '0',
48 silly get     'x-timer': 'S1517103689.355294,VS0,VE805',
48 silly get     vary: 'Accept-Encoding' } ]
49 silly fetchPackageMetaData Error: Registry returned 404 for GET on https://registry.npmjs.org/predeploy
49 silly fetchPackageMetaData     at makeError (/usr/local/lib/node_modules/npm/node_modules/npm-registry-client/lib/request.js:302:12)
49 silly fetchPackageMetaData     at CachingRegistryClient.<anonymous> (/usr/local/lib/node_modules/npm/node_modules/npm-registry-client/lib/request.js:280:14)
49 silly fetchPackageMetaData     at Request._callback (/usr/local/lib/node_modules/npm/node_modules/npm-registry-client/lib/request.js:210:14)
49 silly fetchPackageMetaData     at Request.self.callback (/usr/local/lib/node_modules/npm/node_modules/request/request.js:187:22)
49 silly fetchPackageMetaData     at emitTwo (events.js:106:13)
49 silly fetchPackageMetaData     at Request.emit (events.js:191:7)
49 silly fetchPackageMetaData     at Request.<anonymous> (/usr/local/lib/node_modules/npm/node_modules/request/request.js:1048:10)
49 silly fetchPackageMetaData     at emitOne (events.js:96:13)
49 silly fetchPackageMetaData     at Request.emit (events.js:188:7)
49 silly fetchPackageMetaData     at IncomingMessage.<anonymous> (/usr/local/lib/node_modules/npm/node_modules/request/request.js:969:12)
49 silly fetchPackageMetaData  error for predeploy@npm run build { Error: Registry returned 404 for GET on https://registry.npmjs.org/predeploy
49 silly fetchPackageMetaData     at makeError (/usr/local/lib/node_modules/npm/node_modules/npm-registry-client/lib/request.js:302:12)
49 silly fetchPackageMetaData     at CachingRegistryClient.<anonymous> (/usr/local/lib/node_modules/npm/node_modules/npm-registry-client/lib/request.js:280:14)
49 silly fetchPackageMetaData     at Request._callback (/usr/local/lib/node_modules/npm/node_modules/npm-registry-client/lib/request.js:210:14)
49 silly fetchPackageMetaData     at Request.self.callback (/usr/local/lib/node_modules/npm/node_modules/request/request.js:187:22)
49 silly fetchPackageMetaData     at emitTwo (events.js:106:13)
49 silly fetchPackageMetaData     at Request.emit (events.js:191:7)
49 silly fetchPackageMetaData     at Request.<anonymous> (/usr/local/lib/node_modules/npm/node_modules/request/request.js:1048:10)
49 silly fetchPackageMetaData     at emitOne (events.js:96:13)
49 silly fetchPackageMetaData     at Request.emit (events.js:188:7)
49 silly fetchPackageMetaData     at IncomingMessage.<anonymous> (/usr/local/lib/node_modules/npm/node_modules/request/request.js:969:12) pkgid: 'predeploy', statusCode: 404, code: 'E404' }
50 silly rollbackFailedOptional Starting
51 silly rollbackFailedOptional Finishing
52 silly runTopLevelLifecycles Finishing
53 silly install printInstalled
54 verbose stack Error: No compatible version found: deploy@gh-pages -d build
54 verbose stack Valid install targets:
54 verbose stack 1.0.3
54 verbose stack
54 verbose stack     at pickVersionFromRegistryDocument (/usr/local/lib/node_modules/npm/lib/fetch-package-metadata.js:178:16)
54 verbose stack     at /usr/local/lib/node_modules/npm/node_modules/iferr/index.js:13:50
54 verbose stack     at /usr/local/lib/node_modules/npm/lib/utils/pulse-till-done.js:20:8
54 verbose stack     at saved (/usr/local/lib/node_modules/npm/lib/cache/caching-client.js:174:7)
54 verbose stack     at /usr/local/lib/node_modules/npm/node_modules/graceful-fs/polyfills.js:241:18
54 verbose stack     at FSReqWrap.oncomplete (fs.js:123:15)
55 verbose cwd /Users/daohlim/Projects/Hack-Brown/front_end
56 error Darwin 16.7.0
57 error argv "/usr/local/bin/node" "/usr/local/bin/npm" "install"
58 error node v6.11.0
59 error npm  v3.10.10
60 error code ETARGET
61 error notarget No compatible version found: deploy@gh-pages -d build
61 error notarget Valid install targets:
61 error notarget 1.0.3
62 error notarget This is most likely not a problem with npm itself.
62 error notarget In most cases you or one of your dependencies are requesting
62 error notarget a package version that doesn't exist.
62 error notarget
62 error notarget It was specified as a dependency of 'spectrum'
63 verbose exit [ 1, true ]
