Arguments: 
  /usr/local/bin/node /usr/local/bin/yarn

PATH: 
  /Library/Frameworks/Python.framework/Versions/3.6/bin:/Library/Frameworks/Python.framework/Versions/3.6/bin:/Users/daohlim/miniconda3/bin:/Users/daohlim/.opam/system/bin:/usr/local/bin:/usr/bin:/bin:/usr/sbin:/sbin

Yarn version: 
  1.3.2

Node version: 
  6.11.0

Platform: 
  darwin x64

npm manifest: 
  {
    "name": "spectrum",
    "version": "1.1.1",
    "description": "A diverse news source",
    "private": true,
    "proxy": "http://localhost:8080/",
    "dependencies": {
      "deploy": "gh-pages -d build",
      "gh-pages": "1.0.0",
      "lodash.debounce": "4.0.8",
      "mysql2": "^1.5.1",
      "predeploy": "npm run build",
      "react": "^15.6.1",
      "react-dom": "^15.6.1",
      "react-scripts": "1.0.11",
      "react-timestamp": "4.2.1",
      "youtube-api-search": "0.0.5"
    },
    "scripts": {
      "predeploy": "npm run build",
      "deploy": "gh-pages -d build",
      "start": "react-scripts start",
      "build": "react-scripts build",
      "test": "react-scripts test --env=jsdom",
      "eject": "react-scripts eject",
      "client": "cd client && yarn start",
      "server": "nodemon server.js",
      "dev": "concurrently --kill-others-on-fail \"yarn server\"
    },
    "devDependencies": {
      "eslint-config-prettier": "2.3.0",
      "eslint-plugin-prettier": "2.2.0",
      "prettier": "1.5.3"
    },
    "homepage": "https://kevindackow.github.io/Spectrum/",
    "author": "Kevin Dao Josh Matt",
    "license": "",
    "bugs": {
      "url": "Uh Oh"
    }
  }

yarn manifest: 
  No manifest

Lockfile: 
  No lockfile

Trace: 
  SyntaxError: /Users/daohlim/Projects/Hack-Brown/front_end/package.json: Unexpected token 
   in JSON at position 844
      at Object.parse (native)
      at /usr/local/lib/node_modules/yarn/lib/cli.js:770:59
      at next (native)
      at step (/usr/local/lib/node_modules/yarn/lib/cli.js:92:30)
      at /usr/local/lib/node_modules/yarn/lib/cli.js:103:13
